# JRE version: Java(TM) SE Runtime Environment (8.0_162-b12) (build 1.8.0_162-b12)
# Java VM: Java HotSpot(TM) 64-Bit Server VM (25.162-b12 mixed mode windows-amd64 compressed oops)
Heap:
 PSYoungGen      total 57344K, used 8177K [0x0000000780100000, 0x0000000784100000, 0x00000007c0000000)
  eden space 49152K, 0% used [0x0000000780100000,0x0000000780100000,0x0000000783100000)
  from space 8192K, 99% used [0x0000000783100000,0x00000007838fc528,0x0000000783900000)
  to   space 8192K, 0% used [0x0000000783900000,0x0000000783900000,0x0000000784100000)
 ParOldGen       total 131072K, used 6862K [0x0000000700200000, 0x0000000708200000, 0x0000000780100000)
  object space 131072K, 5% used [0x0000000700200000,0x00000007008b3930,0x0000000708200000)
 Metaspace       used 20037K, capacity 20934K, committed 21120K, reserved 1071104K
  class space    used 2596K, capacity 2817K, committed 2944K, reserved 1048576K
GC Heap History (7 events):
Event: 1.998 GC heap before
{Heap before GC invocations=1 (full 0):
 PSYoungGen      total 57344K, used 49152K [0x0000000780100000, 0x0000000784100000, 0x00000007c0000000)
  eden space 49152K, 100% used [0x0000000780100000,0x0000000783100000,0x0000000783100000)
  from space 8192K, 0% used [0x0000000783900000,0x0000000783900000,0x0000000784100000)
  to   space 8192K, 0% used [0x0000000783100000,0x0000000783100000,0x0000000783900000)
 ParOldGen       total 131072K, used 0K [0x0000000700200000, 0x0000000708200000, 0x0000000780100000)
  object space 131072K, 0% used [0x0000000700200000,0x0000000700200000,0x0000000708200000)
 Metaspace       used 11980K, capacity 12286K, committed 12416K, reserved 1060864K
  class space    used 1427K, capacity 1551K, committed 1664K, reserved 1048576K
Event: 2.011 GC heap after
Heap after GC invocations=1 (full 0):
 PSYoungGen      total 57344K, used 6941K [0x0000000780100000, 0x0000000784100000, 0x00000007c0000000)
  eden space 49152K, 0% used [0x0000000780100000,0x0000000780100000,0x0000000783100000)
  from space 8192K, 84% used [0x0000000783100000,0x00000007837c77b8,0x0000000783900000)
  to   space 8192K, 0% used [0x0000000783900000,0x0000000783900000,0x0000000784100000)
 ParOldGen       total 131072K, used 16K [0x0000000700200000, 0x0000000708200000, 0x0000000780100000)
  object space 131072K, 0% used [0x0000000700200000,0x0000000700204000,0x0000000708200000)
 Metaspace       used 11980K, capacity 12286K, committed 12416K, reserved 1060864K
  class space    used 1427K, capacity 1551K, committed 1664K, reserved 1048576K
}
Event: 4.395 GC heap before
{Heap before GC invocations=2 (full 0):
 PSYoungGen      total 57344K, used 56093K [0x0000000780100000, 0x0000000784100000, 0x00000007c0000000)
  eden space 49152K, 100% used [0x0000000780100000,0x0000000783100000,0x0000000783100000)
  from space 8192K, 84% used [0x0000000783100000,0x00000007837c77b8,0x0000000783900000)
  to   space 8192K, 0% used [0x0000000783900000,0x0000000783900000,0x0000000784100000)
 ParOldGen       total 131072K, used 16K [0x0000000700200000, 0x0000000708200000, 0x0000000780100000)
  object space 131072K, 0% used [0x0000000700200000,0x0000000700204000,0x0000000708200000)
 Metaspace       used 18993K, capacity 19904K, committed 20224K, reserved 1067008K
  class space    used 2467K, capacity 2696K, committed 2816K, reserved 1048576K
Event: 4.419 GC heap after
Heap after GC invocations=2 (full 0):
 PSYoungGen      total 57344K, used 8160K [0x0000000780100000, 0x0000000784100000, 0x00000007c0000000)
  eden space 49152K, 0% used [0x0000000780100000,0x0000000780100000,0x0000000783100000)
  from space 8192K, 99% used [0x0000000783900000,0x00000007840f8070,0x0000000784100000)
  to   space 8192K, 0% used [0x0000000783100000,0x0000000783100000,0x0000000783900000)
 ParOldGen       total 131072K, used 5464K [0x0000000700200000, 0x0000000708200000, 0x0000000780100000)
  object space 131072K, 4% used [0x0000000700200000,0x00000007007562c8,0x0000000708200000)
 Metaspace       used 18993K, capacity 19904K, committed 20224K, reserved 1067008K
  class space    used 2467K, capacity 2696K, committed 2816K, reserved 1048576K
}
Event: 6.131 GC heap before
{Heap before GC invocations=3 (full 0):
 PSYoungGen      total 57344K, used 18646K [0x0000000780100000, 0x0000000784100000, 0x00000007c0000000)
  eden space 49152K, 21% used [0x0000000780100000,0x0000000780b3da98,0x0000000783100000)
  from space 8192K, 99% used [0x0000000783900000,0x00000007840f8070,0x0000000784100000)
  to   space 8192K, 0% used [0x0000000783100000,0x0000000783100000,0x0000000783900000)
 ParOldGen       total 131072K, used 5464K [0x0000000700200000, 0x0000000708200000, 0x0000000780100000)
  object space 131072K, 4% used [0x0000000700200000,0x00000007007562c8,0x0000000708200000)
 Metaspace       used 20037K, capacity 20934K, committed 21120K, reserved 1071104K
  class space    used 2596K, capacity 2817K, committed 2944K, reserved 1048576K
Event: 6.137 GC heap after
Heap after GC invocations=3 (full 0):
 PSYoungGen      total 57344K, used 8177K [0x0000000780100000, 0x0000000784100000, 0x00000007c0000000)
  eden space 49152K, 0% used [0x0000000780100000,0x0000000780100000,0x0000000783100000)
  from space 8192K, 99% used [0x0000000783100000,0x00000007838fc528,0x0000000783900000)
  to   space 8192K, 0% used [0x0000000783900000,0x0000000783900000,0x0000000784100000)
 ParOldGen       total 131072K, used 6862K [0x0000000700200000, 0x0000000708200000, 0x0000000780100000)
  object space 131072K, 5% used [0x0000000700200000,0x00000007008b3930,0x0000000708200000)
 Metaspace       used 20037K, capacity 20934K, committed 21120K, reserved 1071104K
  class space    used 2596K, capacity 2817K, committed 2944K, reserved 1048576K
}
Event: 6.137 GC heap before
{Heap before GC invocations=4 (full 1):
 PSYoungGen      total 57344K, used 8177K [0x0000000780100000, 0x0000000784100000, 0x00000007c0000000)
  eden space 49152K, 0% used [0x0000000780100000,0x0000000780100000,0x0000000783100000)
  from space 8192K, 99% used [0x0000000783100000,0x00000007838fc528,0x0000000783900000)
  to   space 8192K, 0% used [0x0000000783900000,0x0000000783900000,0x0000000784100000)
 ParOldGen       total 131072K, used 6862K [0x0000000700200000, 0x0000000708200000, 0x0000000780100000)
  object space 131072K, 5% used [0x0000000700200000,0x00000007008b3930,0x0000000708200000)
 Metaspace       used 20037K, capacity 20934K, committed 21120K, reserved 1071104K
  class space    used 2596K, capacity 2817K, committed 2944K, reserved 1048576K

